<?xml version="1.0" encoding="UTF-8"?>
<!-- Generated by org.testng.reporters.JUnitXMLReporter -->
<testsuite ignored="0" hostname="DESKTOP-91071EB" failures="0" tests="3" name="Default test" time="9.729" errors="0" timestamp="03 Feb 2023 17:16:55 GMT">
  <testcase classname="com.zysk.vi.qa.testcases.LoginPageTest" name="loginPageTitleTest" time="0.134"/>
  <testcase classname="com.zysk.vi.qa.testcases.LoginPageTest" name="crmLogoImageTest" time="0.076"/>
  <testcase classname="com.zysk.vi.qa.testcases.LoginPageTest" name="loginTest" time="0.435"/>
</testsuite> <!-- Default test -->
