<?xml version="1.0" encoding="UTF-8"?>
<!-- Generated by org.testng.reporters.JUnitXMLReporter -->
<testsuite ignored="0" hostname="DESKTOP-91071EB" failures="0" tests="6" name="Test" time="0.379" errors="0" timestamp="03 Feb 2023 16:50:21 GMT">
  <testcase classname="com.zysk.ah.qa.testcases.HomePageTest" name="@BeforeMethod setUp" time="0.015">
    <failure type="java.lang.NullPointerException" message="Cannot invoke &amp;quot;String.equals(Object)&amp;quot; because &amp;quot;browserName&amp;quot; is null">
      <![CDATA[java.lang.NullPointerException: Cannot invoke "String.equals(Object)" because "browserName" is null
	at com.zysk.vidyawin.base.BaseTest.initialization(BaseTest.java:53)
	at com.zysk.ah.qa.testcases.HomePageTest.setUp(HomePageTest.java:24)
... Removed 27 stack frames]]>
    </failure>
  </testcase> <!-- @BeforeMethod setUp -->
  <testcase classname="com.zysk.ah.qa.testcases.LoginPageTest" name="@BeforeMethod setUp" time="0.0">
    <failure type="java.lang.NullPointerException" message="Cannot invoke &amp;quot;String.equals(Object)&amp;quot; because &amp;quot;browserName&amp;quot; is null">
      <![CDATA[java.lang.NullPointerException: Cannot invoke "String.equals(Object)" because "browserName" is null
	at com.zysk.vidyawin.base.BaseTest.initialization(BaseTest.java:53)
	at com.zysk.ah.qa.testcases.LoginPageTest.setUp(LoginPageTest.java:22)
... Removed 27 stack frames]]>
    </failure>
  </testcase> <!-- @BeforeMethod setUp -->
  <testcase classname="com.zysk.ah.qa.testcases.HomePageTest" name="@BeforeMethod setUp" time="0.0">
    <skipped/>
  </testcase> <!-- @BeforeMethod setUp -->
  <testcase classname="com.zysk.ah.qa.testcases.LoginPageTest" name="@BeforeMethod setUp" time="0.0">
    <skipped/>
  </testcase> <!-- @BeforeMethod setUp -->
  <testcase classname="com.zysk.ah.qa.testcases.HomePageTest" name="@BeforeMethod setUp" time="0.0">
    <skipped/>
  </testcase> <!-- @BeforeMethod setUp -->
  <testcase classname="com.zysk.ah.qa.testcases.LoginPageTest" name="@BeforeMethod setUp" time="0.0">
    <skipped/>
  </testcase> <!-- @BeforeMethod setUp -->
  <testcase classname="com.zysk.ah.qa.testcases.HomePageTest" name="verifyHomePageTitleTest" time="0.001">
    <skipped/>
  </testcase> <!-- verifyHomePageTitleTest -->
  <testcase classname="com.zysk.ah.qa.testcases.LoginPageTest" name="loginPageTitleTest" time="0.0">
    <skipped/>
  </testcase> <!-- loginPageTitleTest -->
  <testcase classname="com.zysk.ah.qa.testcases.HomePageTest" name="verifyUserNameTest" time="0.0">
    <skipped/>
  </testcase> <!-- verifyUserNameTest -->
  <testcase classname="com.zysk.ah.qa.testcases.LoginPageTest" name="crmLogoImageTest" time="0.0">
    <skipped/>
  </testcase> <!-- crmLogoImageTest -->
  <testcase classname="com.zysk.ah.qa.testcases.HomePageTest" name="selectInfirmary" time="0.0">
    <skipped/>
  </testcase> <!-- selectInfirmary -->
  <testcase classname="com.zysk.ah.qa.testcases.LoginPageTest" name="loginTest" time="0.0">
    <skipped/>
  </testcase> <!-- loginTest -->
</testsuite> <!-- Test -->
