<?xml version="1.0" encoding="UTF-8"?>
<testng-results ignored="0" total="3" passed="3" failed="0" skipped="0">
  <reporter-output>
  </reporter-output>
  <suite started-at="2023-02-03T17:16:45Z" name="Default suite" finished-at="2023-02-03T17:16:55Z" duration-ms="9729">
    <groups>
    </groups>
    <test started-at="2023-02-03T17:16:45Z" name="Default test" finished-at="2023-02-03T17:16:55Z" duration-ms="9729">
      <class name="com.zysk.vi.qa.testcases.LoginPageTest">
        <test-method is-config="true" signature="setUp()[pri:0, instance:com.zysk.vi.qa.testcases.LoginPageTest@320de594]" started-at="2023-02-03T22:46:45Z" name="setUp" finished-at="2023-02-03T22:46:48Z" duration-ms="3505" status="PASS">
          <reporter-output>
          </reporter-output>
        </test-method> <!-- setUp -->
        <test-method signature="loginPageTitleTest()[pri:1, instance:com.zysk.vi.qa.testcases.LoginPageTest@320de594]" started-at="2023-02-03T22:46:48Z" name="loginPageTitleTest" finished-at="2023-02-03T22:46:49Z" duration-ms="134" status="PASS">
          <reporter-output>
          </reporter-output>
        </test-method> <!-- loginPageTitleTest -->
        <test-method is-config="true" signature="tearDown()[pri:0, instance:com.zysk.vi.qa.testcases.LoginPageTest@320de594]" started-at="2023-02-03T22:46:49Z" name="tearDown" finished-at="2023-02-03T22:46:49Z" duration-ms="491" status="PASS">
          <reporter-output>
          </reporter-output>
        </test-method> <!-- tearDown -->
        <test-method is-config="true" signature="setUp()[pri:0, instance:com.zysk.vi.qa.testcases.LoginPageTest@320de594]" started-at="2023-02-03T22:46:49Z" name="setUp" finished-at="2023-02-03T22:46:51Z" duration-ms="2342" status="PASS">
          <reporter-output>
          </reporter-output>
        </test-method> <!-- setUp -->
        <test-method signature="crmLogoImageTest()[pri:2, instance:com.zysk.vi.qa.testcases.LoginPageTest@320de594]" started-at="2023-02-03T22:46:51Z" name="crmLogoImageTest" finished-at="2023-02-03T22:46:51Z" duration-ms="76" status="PASS">
          <reporter-output>
          </reporter-output>
        </test-method> <!-- crmLogoImageTest -->
        <test-method is-config="true" signature="tearDown()[pri:0, instance:com.zysk.vi.qa.testcases.LoginPageTest@320de594]" started-at="2023-02-03T22:46:51Z" name="tearDown" finished-at="2023-02-03T22:46:52Z" duration-ms="391" status="PASS">
          <reporter-output>
          </reporter-output>
        </test-method> <!-- tearDown -->
        <test-method is-config="true" signature="setUp()[pri:0, instance:com.zysk.vi.qa.testcases.LoginPageTest@320de594]" started-at="2023-02-03T22:46:52Z" name="setUp" finished-at="2023-02-03T22:46:54Z" duration-ms="1915" status="PASS">
          <reporter-output>
          </reporter-output>
        </test-method> <!-- setUp -->
        <test-method signature="loginTest()[pri:3, instance:com.zysk.vi.qa.testcases.LoginPageTest@320de594]" started-at="2023-02-03T22:46:54Z" name="loginTest" finished-at="2023-02-03T22:46:54Z" duration-ms="435" status="PASS">
          <reporter-output>
          </reporter-output>
        </test-method> <!-- loginTest -->
        <test-method is-config="true" signature="tearDown()[pri:0, instance:com.zysk.vi.qa.testcases.LoginPageTest@320de594]" started-at="2023-02-03T22:46:54Z" name="tearDown" finished-at="2023-02-03T22:46:55Z" duration-ms="304" status="PASS">
          <reporter-output>
          </reporter-output>
        </test-method> <!-- tearDown -->
      </class> <!-- com.zysk.vi.qa.testcases.LoginPageTest -->
    </test> <!-- Default test -->
  </suite> <!-- Default suite -->
</testng-results>
